<tr><td colspan="2"><p> </p>

<p><span style="color: rgb(29,29,29);"><span style="font-family: times new roman;">IntelliGenesis LLC is a veteran-owned, woman-owned company established in 2007. We provide Software Development, Intelligence Analysis, Artificial Intelligence, Computer Network Operations, and Cyber related Internal Research and Development (IR&amp;D) services that result in higher efficiency, automation, and improved analysis, protection, and defense of National Security missions.</span></span></p>

<p><span style="color: rgb(29,29,29);"><span style="font-family: times new roman;">IntelliGenesis offers an extremely competitive and generous benefits package including Medical, Dental, Vision, 20 PTO days with the option to purchase up to an additional 5 days, </span></span> <span style="color: black;"> <span style="font-family: times new roman;">10 % 401k </span></span> <span style="color: rgb(29,29,29);"> <span style="font-family: times new roman;">Match, Holiday pay, Technology Budget, Education/Training Reimbursement, and paid STD, LTD, and Life Insurance.</span></span></p>

<p> </p>

<p><strong><span style="color: rgb(38,38,38);"><span style="font-family: times new roman;"><span style="font-size: 14.0pt;">We are currently seeking a Senior Mission Support Specialist to act as the conduit between collection and mission efforts. </span></span></span></strong></p>

<p> </p>

<p><strong><u><span style="color: rgb(38,38,38);"><span style="font-family: times new roman;"><span style="font-size: 14.0pt;">Job Duties</span></span></span></u></strong></p>

<ul>
	<li><span style="font-family: times new roman;"><span style="font-size: 14.0pt;">Perform SIGINT system and subsystem level tasking, configuration, normalization, survey, equipment configuration, basic signal analysis, interpretation, of system health indications and parameters and routing processes.</span></span></li>
	<li><span style="font-family: times new roman;"><span style="font-size: 14.0pt;">Work with product lines and teams to bridge gaps between collection and dissemination and analysis</span></span></li>
</ul>

<p> </p>

<p><strong><u><span style="color: rgb(38,38,38);"><span style="font-family: times new roman;"><span style="font-size: 14.0pt;">Required Skills:</span></span></span></u></strong></p>

<ul>
	<li style=""><span style="color: rgb(38,38,38);"><span style="font-family: times new roman;"><span style="font-size: 14.0pt;">US Citizens Only</span></span></span></li>
	<li style=""><span style="color: rgb(38,38,38);"><span style="font-family: times new roman;"><span style="font-size: 14.0pt;">Clearance and Polygraph required</span></span></span></li>
	<li style=""><span style="color: rgb(38,38,38);"><span style="font-family: times new roman;"><span style="font-size: 14.0pt;">Minimum of five (5) years collection experience with directly related hands on experience in </span></span></span> <span style="font-family: times new roman;"> <span style="font-size: 14.0pt;">SIGINT system and subsystem level tasking, configuration, normalization, survey, equipment configuration, basic signal analysis, interpretation, of system health indications and parameters and routing processes</span></span></li>
	<li style=""><span style="color: rgb(38,38,38);"><span style="font-family: times new roman;"><span style="font-size: 14.0pt;">Five (5) years experience in at least two of the specialization areas below:</span></span></span>
	<ul style="list-style-type: circle;">
		<li style=""><span style="color: rgb(38,38,38);"><span style="font-family: times new roman;"><span style="font-size: 14.0pt;">Signal analysis</span></span></span></li>
		<li style=""><span style="color: rgb(38,38,38);"><span style="font-family: times new roman;"><span style="font-size: 14.0pt;">Modern Telecommunication System and Networks</span></span></span></li>
		<li style=""><span style="color: rgb(38,38,38);"><span style="font-family: times new roman;"><span style="font-size: 14.0pt;">Telephony Switching Systems</span></span></span></li>
		<li style=""><span style="color: rgb(38,38,38);"><span style="font-family: times new roman;"><span style="font-size: 14.0pt;">Communication Systems</span></span></span></li>
		<li style=""><span style="color: rgb(38,38,38);"><span style="font-family: times new roman;"><span style="font-size: 14.0pt;">Cellular/Personal Communication Systems</span></span></span></li>
	</ul>
	</li>
</ul>

<p style="margin-left: 0.5in;"> </p>

<p><span style="color: rgb(38,38,38);"><span style="font-family: times new roman;"><span style="font-size: 14.0pt;">Maximize your potential with IntelliGenesis!</span></span></span></p>

<p> </p>

<p><span style="color: rgb(38,38,38);"><span style="font-family: times new roman;"><span style="font-size: 14.0pt;">IntelliGenesis, LLC is an EOE M/F/D/V</span></span></span></p></td></tr> set(['TS/SCI'])
<tr><td colspan="2"><p><span style="color: rgb(29,29,29);"><span style="font-family: times new roman;">IntelliGenesis LLC is a veteran-owned, woman-owned company established in 2007. We provide Software Development, Intelligence Analysis, Artificial Intelligence, Computer Network Operations, and Cyber related Internal Research and Development (IR&amp;D) services that result in higher efficiency, automation, and improved analysis, protection, and defense of National Security missions.</span></span></p>

<p> </p>

<p><span style="color: rgb(29,29,29);"><span style="font-family: times new roman;">IntelliGenesis offers an extremely competitive and generous benefits package including Medical, Dental, Vision, 20 PTO days with the option to purchase up to an additional 5 days, </span></span> <span style="color: black;"> <span style="font-family: times new roman;">10 % 401k </span></span> <span style="color: rgb(29,29,29);"> <span style="font-family: times new roman;">Match, Holiday pay, Technology Budget, Education/Training Reimbursement, and paid STD, LTD, and Life Insurance.</span></span></p>

<p> </p>

<p><strong><span style="color: rgb(38,38,38);"><span style="font-family: times new roman;"><span style="font-size: 14.0pt;">We are currently seeking a Target Systems Analyst to research and report on systems of interest. </span></span></span></strong></p>

<p> </p>

<p><strong><u><span style="color: rgb(38,38,38);"><span style="font-family: times new roman;"><span style="font-size: 14.0pt;">Job Duties</span></span></span></u></strong></p>

<ul>
	<li><span style="font-family: times new roman;"><span style="font-size: 14.0pt;">Investigate and research systems of interest and report on those systems in conjunction with other available intelligence, data, products, and reports.</span></span></li>
	<li><span style="font-family: times new roman;"><span style="font-size: 14.0pt;">Look at potential gaps in current plans as it relates to current systems and their product versions</span></span></li>
	<li><span style="font-family: times new roman;"><span style="font-size: 14.0pt;">Provide input to short and long range capability development planning</span></span></li>
</ul>

<p> </p>

<p><strong><u><span style="color: rgb(38,38,38);"><span style="font-family: times new roman;"><span style="font-size: 14.0pt;">Required Skills:</span></span></span></u></strong></p>

<ul>
	<li style=""><span style="color: rgb(38,38,38);"><span style="font-family: times new roman;"><span style="font-size: 14.0pt;">US Citizens Only</span></span></span></li>
	<li style=""><span style="color: rgb(38,38,38);"><span style="font-family: times new roman;"><span style="font-size: 14.0pt;">Clearance and Polygraph required</span></span></span></li>
	<li style=""><span style="color: rgb(38,38,38);"><span style="font-family: times new roman;"><span style="font-size: 14.0pt;">Minimum of five (5) years of relevant industry experience </span></span></span></li>
	<li style=""><span style="color: rgb(38,38,38);"><span style="font-family: times new roman;"><span style="font-size: 14.0pt;">Bachelor’s degree in Systems Engineering, Mechanical Engineering, Industrial Engineering, Chemical Engineering, Software Engineering, Information Technology, Information Assurance, and/or relevant</span></span></span></li>
	<li style=""><span style="color: rgb(38,38,38);"><span style="font-family: times new roman;"><span style="font-size: 14.0pt;">Background in one (1) or more of the following areas: </span></span></span></li>
</ul>

<p style="margin-left: 0.5in;text-indent: -0.5in;">      <span style="color: rgb(38,38,38);"> <span style="font-family: times new roman;"> <span style="font-size: 14.0pt;">      - Relevant manufacturing processes that employ process control</span></span></span></p>

<p style="margin-left: 0.5in;text-indent: -0.5in;">      <span style="color: rgb(38,38,38);"> <span style="font-family: times new roman;"> <span style="font-size: 14.0pt;">      - Electric Power generation or distribution control systems</span></span></span></p>

<p style="margin-left: 0.5in;text-indent: -0.5in;">      <span style="color: rgb(38,38,38);"> <span style="font-family: times new roman;"> <span style="font-size: 14.0pt;">      - Transportation control systems</span></span></span></p>

<p style="margin-left: 0.5in;text-indent: -0.5in;">      <span style="color: rgb(38,38,38);"> <span style="font-family: times new roman;"> <span style="font-size: 14.0pt;">      - Petroleum, gas, or lubricant control systems</span></span></span></p>

<ul>
	<li style=""><span style="color: rgb(38,38,38);"><span style="font-family: times new roman;"><span style="font-size: 14.0pt;">Experience in five (5) or more of the following areas:</span></span></span></li>
</ul>

<p style="margin-left: 0.5in;"><span style="color: rgb(38,38,38);"><span style="font-family: times new roman;"><span style="font-size: 14.0pt;">- Developing information that will identify gaps in the strategic plan and technical baseline</span></span></span></p>

<p style="margin-left: 0.5in;"><span style="color: rgb(38,38,38);"><span style="font-family: times new roman;"><span style="font-size: 14.0pt;">- Producing detailed expertise for the selected problem task given for a specific problem area</span></span></span></p>

<p style="margin-left: 0.5in;"><span style="color: rgb(38,38,38);"><span style="font-family: times new roman;"><span style="font-size: 14.0pt;">- Analyzing requirements and development strategies from the basis of expert knowledge and provide opinions of feasibility and alternate solutions</span></span></span></p>

<p style="margin-left: 0.5in;"><span style="color: rgb(38,38,38);"><span style="font-family: times new roman;"><span style="font-size: 14.0pt;">- Understanding of computer and microprocessor fundamentals</span></span></span></p>

<p style="margin-left: 0.5in;"><span style="color: rgb(38,38,38);"><span style="font-family: times new roman;"><span style="font-size: 14.0pt;">- Understanding of CNO fundamentals</span></span></span></p>

<p style="margin-left: 0.5in;"> </p>

<p><span style="color: rgb(38,38,38);"><span style="font-family: times new roman;"><span style="font-size: 14.0pt;">Maximize your potential with IntelliGenesis!</span></span></span></p>

<p> </p>

<p><span style="color: rgb(38,38,38);"><span style="font-family: times new roman;"><span style="font-size: 14.0pt;">IntelliGenesis, LLC is an EOE M/F/D/V</span></span></span></p></td></tr> set(['TS/SCI'])
<tr><td colspan="2"><p><span style="font-size: 12.0px;"><span style="font-family: times new roman , times , serif;"><span style="color: rgb(22,22,22);">IntelliGenesis LLC is a veteran-owned, woman-owned company established in 2007. We provide Software Development, Intelligence Analysis, Artificial Intelligence, Computer Network Operations, and Cyber related Internal Research and Development (IR&amp;D) services that result in higher efficiency, automation, and improved analysis, protection, and defense of National Security missions.</span></span></span></p>

<p><span style="font-size: 12.0px;"><span style="font-family: times new roman , times , serif;"><span style="color: rgb(22,22,22);">IntelliGenesis offers an extremely competitive and generous benefits package including Medical, Dental, Vision, 20 PTO days with the option to purchase up to an additional 5 days, </span>10 % 401k <span style="color: rgb(22,22,22);">Match, Holiday pay, Technology Budget, Education/Training Reimbursement, and paid STD, LTD, and Life Insurance.</span></span></span></p>

<p><span style="font-size: 12.0px;"><span style="font-family: times new roman , times , serif;"><strong>We are currently seeking Intelligence Analysts! </strong></span></span></p>

<p><span style="font-size: 12.0px;"><span style="font-family: times new roman , times , serif;"><strong><u>Required Skills:</u></strong></span></span></p>

<ul>
	<li style=""><span style="font-size: 12.0px;"><span style="font-family: times new roman , times , serif;">Must be a US Citizen</span></span></li>
	<li style=""><span style="font-size: 12.0px;"><span style="font-family: times new roman , times , serif;">Active Clearance/Polygraph required</span></span></li>
	<li style=""><span style="font-size: 12.0px;"><span style="font-family: times new roman , times , serif;">Shall have experience in one or more of the following:</span></span>
	<ul>
		<li style=""><span style="font-size: 12.0px;"><span style="font-family: times new roman , times , serif;">Mission Management and Coordination</span></span></li>
		<li style=""><span style="font-size: 12.0px;"><span style="font-family: times new roman , times , serif;">Collection Management</span></span></li>
		<li style=""><span style="font-size: 12.0px;"><span style="font-family: times new roman , times , serif;">Tactical/Time-Sensitive Reporting and operations support</span></span></li>
		<li style=""><span style="font-size: 12.0px;"><span style="font-family: times new roman , times , serif;">Analysis and evaluation of intelligence information</span></span></li>
		<li style=""><span style="font-size: 12.0px;"><span style="font-family: times new roman , times , serif;">Target identification, tracking and development</span></span></li>
	</ul>
	</li>
	<li style=""><span style="font-size: 12.0px;"><span style="font-family: times new roman , times , serif;">Ability to process, evaluate and fuse multiple sources of data to support mission operations</span></span></li>
</ul>

<p><span style="font-size: 12.0px;"><span style="font-family: times new roman , times , serif;"><strong><u>Desired Skills:</u></strong></span></span></p>

<ul>
	<li style=""><span style="font-size: 12.0px;"><span style="font-family: times new roman , times , serif;">Experience in processing Requests for Information (RFI) from forward deployed elements</span></span></li>
	<li style=""><span style="font-size: 12.0px;"><span style="font-family: times new roman , times , serif;">Ability to anticipate changes in mission needs and requirements </span></span></li>
	<li style=""><span style="font-size: 12.0px;"><span style="font-family: times new roman , times , serif;">Knowledge of customer tools, policies and procedures </span></span></li>
</ul>

<p> </p>

<p><span style="font-size: 12.0px;"><span style="font-family: times new roman , times , serif;">Maximize your potential with IntelliGenesis!</span></span></p>

<p><span style="font-size: 12.0px;"><span style="font-family: times new roman , times , serif;">IntelliGenesis LLC is an EOE M/F/D/V</span></span></p></td></tr> set(['TS/SCI'])
<tr><td colspan="2"><p><span style="font-size: 12.0px;"><span style="font-family: times new roman , times , serif;"><span style="color: rgb(22,22,22);">IntelliGenesis LLC is a veteran-owned, woman-owned company established in 2007. We provide Software Development, Intelligence Analysis, Artificial Intelligence, Computer Network Operations, and Cyber related Internal Research and Development (IR&amp;D) services that result in higher efficiency, automation, and improved analysis, protection, and defense of National Security missions.</span></span></span></p>

<p><span style="font-size: 12.0px;"><span style="font-family: times new roman , times , serif;"><span style="color: rgb(22,22,22);">IntelliGenesis offers an extremely competitive and generous benefits package including Medical, Dental, Vision, 20 PTO days with the option to purchase up to an additional 5 days, </span>10 % 401k <span style="color: rgb(22,22,22);">Match, Holiday pay, Technology Budget, Education/Training Reimbursement, and paid STD, LTD, and Life Insurance.</span></span></span></p>

<p><span style="font-size: 12.0px;"><span style="font-family: times new roman , times , serif;"><strong>We are currently seeking Collection Managers!</strong></span></span></p>

<p><span style="font-size: 12.0px;"><span style="font-family: times new roman , times , serif;"><strong><u>Job Duties:</u></strong></span></span></p>

<ul>
	<li style=""><span style="font-size: 12.0px;"><span style="font-family: times new roman , times , serif;">Manage data acquisition, information flow and processing of collected information</span></span></li>
	<li style=""><span style="font-size: 12.0px;"><span style="font-family: times new roman , times , serif;">Coordinate processing and reporting efforts</span></span></li>
	<li style=""><span style="font-size: 12.0px;"><span style="font-family: times new roman , times , serif;">Ensure work-load balance is distributed effectively to support mission needs </span></span></li>
	<li style=""><span style="font-size: 12.0px;"><span style="font-family: times new roman , times , serif;">Monitor systems, identify anomalies and reduce duplication of collection efforts</span></span></li>
	<li style=""><span style="font-size: 12.0px;"><span style="font-family: times new roman , times , serif;">Provide daily summaries of ingested and processed data</span></span></li>
</ul>

<p><span style="font-size: 12.0px;"><span style="font-family: times new roman , times , serif;"><strong><u>Required Skills:</u></strong></span></span></p>

<ul>
	<li style=""><span style="font-size: 12.0px;"><span style="font-family: times new roman , times , serif;">Must be a US Citizen</span></span></li>
	<li style=""><span style="font-size: 12.0px;"><span style="font-family: times new roman , times , serif;">Active Clearance/Polygraph required</span></span></li>
	<li style=""><span style="font-size: 12.0px;"><span style="font-family: times new roman , times , serif;">Shall have eight (8) years of experience in collection management, analysis and reporting</span></span></li>
	<li style=""><span style="font-size: 12.0px;"><span style="font-family: times new roman , times , serif;">Experience with data acquisition and system data flow</span></span></li>
	<li style=""><span style="font-size: 12.0px;"><span style="font-family: times new roman , times , serif;">Ability to anticipate mission requirements and customer needs</span></span></li>
	<li style=""><span style="font-size: 12.0px;"><span style="font-family: times new roman , times , serif;">Ability to manage and coordinate multiple systems and assets simultaneously</span></span></li>
	<li style=""><span style="font-size: 12.0px;"><span style="font-family: times new roman , times , serif;">Knowledge of analytic tools and processes </span></span></li>
</ul>

<p style="margin-left: 0.5in;"> </p>

<p><span style="font-size: 12.0px;"><span style="font-family: times new roman , times , serif;">Maximize your potential with IntelliGenesis!</span></span></p>

<p><span style="font-size: 12.0px;"><span style="font-family: times new roman , times , serif;">IntelliGenesis LLC is an EOE M/F/D/V</span></span></p></td></tr> set(['TS/SCI'])
<tr><td colspan="2"><p><span style="font-size: 12.0px;"><span style="font-family: times new roman , times , serif;"><span style="color: rgb(22,22,22);">IntelliGenesis LLC is a veteran-owned, woman-owned company established in 2007. We provide Software Development, Intelligence Analysis, Artificial Intelligence, Computer Network Operations, and Cyber related Internal Research and Development (IR&amp;D) services that result in higher efficiency, automation, and improved analysis, protection, and defense of National Security missions.</span></span></span></p>

<p><span style="font-size: 12.0px;"><span style="font-family: times new roman , times , serif;"><span style="color: rgb(22,22,22);">IntelliGenesis offers an extremely competitive and generous benefits package including Medical, Dental, Vision, 20 PTO days with the option to purchase up to an additional 5 days, </span>10 % 401k <span style="color: rgb(22,22,22);">Match, Holiday pay, Technology Budget, Education/Training Reimbursement, and paid STD, LTD, and Life Insurance.</span></span></span></p>

<p><span style="font-size: 12.0px;"><span style="font-family: times new roman , times , serif;"><strong>We are currently seeking Instructors/Training Managers!</strong></span></span></p>

<p><span style="font-size: 12.0px;"><span style="font-family: times new roman , times , serif;"><strong><u>Job Duties:</u></strong></span></span></p>

<ul>
	<li style=""><span style="font-size: 12.0px;"><span style="font-family: times new roman , times , serif;">Conduct classroom-based instruction to include practical application exercises</span></span></li>
	<li style=""><span style="font-size: 12.0px;"><span style="font-family: times new roman , times , serif;">Conduct tailored follow-on training to ensure reporting proficiency is maintained</span></span></li>
	<li style=""><span style="font-size: 12.0px;"><span style="font-family: times new roman , times , serif;">Collaborate with Senior Reporters to identify and mitigate training gaps that impact mission reporting</span></span></li>
	<li style=""><span style="font-size: 12.0px;"><span style="font-family: times new roman , times , serif;">Conduct training and instruction external to primary assigned location as part of a Mobile Training Team (MTT)</span></span></li>
	<li style=""><span style="font-size: 12.0px;"><span style="font-family: times new roman , times , serif;">Mentor and guide team personnel</span></span></li>
	<li style=""><span style="font-size: 12.0px;"><span style="font-family: times new roman , times , serif;">Maintain awareness of current and changing governing reporting policies</span></span></li>
</ul>

<p><span style="font-size: 12.0px;"><span style="font-family: times new roman , times , serif;"><strong><u>Required Skills:</u></strong></span></span></p>

<ul>
	<li style=""><span style="font-size: 12.0px;"><span style="font-family: times new roman , times , serif;">Must be a US Citizen</span></span></li>
	<li style=""><span style="font-size: 12.0px;"><span style="font-family: times new roman , times , serif;">Active Clearance/Polygraph required</span></span></li>
	<li style=""><span style="font-size: 12.0px;"><span style="font-family: times new roman , times , serif;">Shall have eight (8) years of experience in intelligence collection, analysis and reporting</span></span></li>
	<li style=""><span style="font-size: 12.0px;"><span style="font-family: times new roman , times , serif;">Understanding of Intelligence, Surveillance and Reconnaissance (ISR) missions, procedures and processes</span></span></li>
	<li style=""><span style="font-size: 12.0px;"><span style="font-family: times new roman , times , serif;">Experience supporting Joint military operations  </span></span></li>
	<li style=""><span style="font-size: 12.0px;"><span style="font-family: times new roman , times , serif;">Knowledge of analytic tools and processes </span></span></li>
</ul>

<p style="margin-left: 0.5in;"> </p>

<p><span style="font-size: 12.0px;"><span style="font-family: times new roman , times , serif;">Maximize your potential with IntelliGenesis!</span></span></p>

<p><span style="font-size: 12.0px;"><span style="font-family: times new roman , times , serif;">IntelliGenesis LLC is an EOE M/F/D/V</span></span></p></td></tr> set(['TS/SCI', 'Other'])
<tr><td colspan="2"><p><span style="font-size: 12.0px;"><span style="font-family: times new roman , times , serif;"><span style="color: rgb(22,22,22);">IntelliGenesis LLC is a veteran-owned, woman-owned company established in 2007. We provide Software Development, Intelligence Analysis, Artificial Intelligence, Computer Network Operations, and Cyber related Internal Research and Development (IR&amp;D) services that result in higher efficiency, automation, and improved analysis, protection, and defense of National Security missions.</span></span></span></p>

<p><span style="font-size: 12.0px;"><span style="font-family: times new roman , times , serif;"><span style="color: rgb(22,22,22);">IntelliGenesis offers an extremely competitive and generous benefits package including Medical, Dental, Vision, 20 PTO days with the option to purchase up to an additional 5 days, </span>10 % 401k <span style="color: rgb(22,22,22);">Match, Holiday pay, Technology Budget, Education/Training Reimbursement, and paid STD, LTD, and Life Insurance.</span></span></span></p>

<p><span style="font-size: 12.0px;"><span style="font-family: times new roman , times , serif;"><strong>We are currently seeking Senior Intelligence Analyst/Reporters!</strong></span></span></p>

<p><span style="font-size: 12.0px;"><span style="font-family: times new roman , times , serif;"><strong><u>Job Duties:</u></strong></span></span></p>

<ul>
	<li style=""><span style="font-size: 12.0px;"><span style="font-family: times new roman , times , serif;">Provide quality control and dissemination of time-sensitive intelligence reports</span></span></li>
	<li style=""><span style="font-size: 12.0px;"><span style="font-family: times new roman , times , serif;">Evaluate data and identify essential elements for reporting</span></span></li>
	<li style=""><span style="font-size: 12.0px;"><span style="font-family: times new roman , times , serif;">Analyze technical information for accuracy and inclusion in reports</span></span></li>
	<li style=""><span style="font-size: 12.0px;"><span style="font-family: times new roman , times , serif;">Provide feedback to mission personnel</span></span></li>
</ul>

<p><span style="font-size: 12.0px;"><span style="font-family: times new roman , times , serif;"><strong><u>Required Skills:</u></strong></span></span></p>

<ul>
	<li style=""><span style="font-size: 12.0px;"><span style="font-family: times new roman , times , serif;">Must be a US Citizen</span></span></li>
	<li style=""><span style="font-size: 12.0px;"><span style="font-family: times new roman , times , serif;">Active Clearance/Polygraph required</span></span></li>
	<li style=""><span style="font-size: 12.0px;"><span style="font-family: times new roman , times , serif;">Shall have eight (8) years of experience in intelligence collection, analysis and reporting</span></span></li>
	<li style=""><span style="font-size: 12.0px;"><span style="font-family: times new roman , times , serif;">Shall have experience with time-sensitive reporting, fielding Requests for Information (RFI) and term analysis </span></span></li>
	<li style=""><span style="font-size: 12.0px;"><span style="font-family: times new roman , times , serif;">Knowledge of policies, procedures and regulations that govern time-sensitive reporting</span></span></li>
	<li style=""><span style="font-size: 12.0px;"><span style="font-family: times new roman , times , serif;">Knowledge of analytic tools, applications and databases utilized to provide mission support</span></span></li>
	<li style=""><span style="font-size: 12.0px;"><span style="font-family: times new roman , times , serif;">Provide training to newly assigned personnel</span></span></li>
</ul>

<p style="margin-left: 0.5in;"> </p>

<p><span style="font-size: 12.0px;"><span style="font-family: times new roman , times , serif;">Maximize your potential with IntelliGenesis!</span></span></p>

<p><span style="font-size: 12.0px;"><span style="font-family: times new roman , times , serif;">IntelliGenesis LLC is an EOE M/F/D/V</span></span></p></td></tr> set(['TS/SCI', 'Other'])
<tr><td colspan="2"><p><span style="color: rgb(22,22,22);"><span style="font-family: times new roman;">IntelliGenesis LLC is a veteran-owned, woman-owned company established in 2007. We provide Software Development, Intelligence Analysis, Artificial Intelligence, Computer Network Operations, and Cyber related Internal Research and Development (IR&amp;D) services that result in higher efficiency, automation, and improved analysis, protection, and defense of National Security missions.</span></span></p>

<p><span style="color: rgb(22,22,22);"><span style="font-family: times new roman;">IntelliGenesis offers an extremely competitive and generous benefits package including Medical, Dental, Vision, 20 PTO days with the option to purchase up to an additional 5 days, </span></span> <span style="font-family: times new roman;">10 % 401k <span style="color: rgb(22,22,22);">Match, Holiday pay, Technology Budget, Education/Training Reimbursement, and paid STD, LTD, and Life Insurance.</span></span></p>

<p><strong><span style="font-family: times new roman;">We are currently seeking Intelligence Analyst/Reporters!</span></strong></p>

<p><strong><u><span style="font-family: times new roman;">Job Duties:</span></u></strong></p>

<ul>
	<li style=""><span style="font-family: times new roman;">Draft time-sensitive intelligence reports</span></li>
	<li style=""><span style="font-family: times new roman;">Evaluate data, identify essential elements and draft applicable reports</span></li>
	<li style=""><span style="font-family: times new roman;">Analyze technical information for accuracy and inclusion in reports</span></li>
	<li style=""><span style="font-family: times new roman;">Provide feedback to mission personnel</span></li>
</ul>

<p><strong><u><span style="font-family: times new roman;">Required Skills:</span></u></strong></p>

<ul>
	<li style=""><span style="font-family: times new roman;">Must be a US Citizen</span></li>
	<li style=""><span style="font-family: times new roman;">Active Clearance/Polygraph required</span></li>
	<li style=""><span style="font-family: times new roman;">Shall have four (4) years of experience in intelligence collection, analysis and reporting</span></li>
	<li style=""><span style="font-family: times new roman;">Shall have experience with time-sensitive reporting</span></li>
	<li style=""><span style="font-family: times new roman;">Knowledge of analytic tools and processes </span></li>
</ul>

<p style="margin-left: 0.5in;"> </p>

<p><span style="font-family: times new roman;">Maximize your potential with IntelliGenesis!</span></p>

<p><span style="font-family: times new roman;">IntelliGenesis LLC is an EOE M/F/D/V</span></p></td></tr> set(['TS/SCI', 'Other'])
<tr><td colspan="2"><p><span style="color: rgb(22,22,22);"><span style="font-family: times new roman;">IntelliGenesis LLC is a veteran-owned, woman-owned company established in 2007. We provide Software Development, Intelligence Analysis, Artificial Intelligence, Computer Network Operations, and Cyber related Internal Research and Development (IR&amp;D) services that result in higher efficiency, automation, and improved analysis, protection, and defense of National Security missions.</span></span></p>

<p><span style="color: rgb(22,22,22);"><span style="font-family: times new roman;">IntelliGenesis offers an extremely competitive and generous benefits package including Medical, Dental, Vision, 20 PTO days with the option to purchase up to an additional 5 days, </span></span> <span style="font-family: times new roman;">10 % 401k <span style="color: rgb(22,22,22);">Match, Holiday pay, Technology Budget, Education/Training Reimbursement, and paid STD, LTD, and Life Insurance.</span></span></p>

<p><strong><span style="font-family: times new roman;">We are currently seeking Target Analysts!</span></strong></p>

<p><strong><u><span style="font-family: times new roman;">Job Duties:</span></u></strong></p>

<ul>
	<li style=""><span style="font-family: times new roman;">Produce tailored reports, products and briefings to tactical and national consumers in response to Requests for Information (RFI)</span></li>
	<li style=""><span style="font-family: times new roman;">Maintain situational awareness across the Area of Responsibility and disseminate critical information to appropriate mission elements</span></li>
	<li style=""><span style="font-family: times new roman;">Analyze and evaluate raw intelligence and collaborate with the Intelligence Community to provide complete and accurate picture of targets or operations</span></li>
	<li style=""><span style="font-family: times new roman;">Plan, coordinate, and provide real-time mission guidance to support elements</span></li>
	<li style=""><span style="font-family: times new roman;">Research, analyze and fuse information from multiple sources to provide assessments of the intelligence value</span></li>
</ul>

<p><strong><u><span style="font-family: times new roman;">Required Skills:</span></u></strong></p>

<ul>
	<li style=""><span style="font-family: times new roman;">Must be a US Citizen</span></li>
	<li style=""><span style="font-family: times new roman;">Active Clearance/Polygraph required</span></li>
	<li style=""><span style="font-family: times new roman;">Shall have experience in intelligence collection, analysis and reporting</span></li>
	<li style=""><span style="font-family: times new roman;">Ability to analyze and evaluate raw intelligence in order to produce accurate and time-sensitive, near real-time support to tactical units</span></li>
	<li style=""><span style="font-family: times new roman;">Knowledge of analytic tools and processes </span></li>
</ul>

<p> </p>

<p><span style="font-family: times new roman;">Maximize your potential with IntelliGenesis!</span></p>

<p><span style="font-family: times new roman;">IntelliGenesis LLC is an EOE M/F/D/V</span></p></td></tr> set(['TS/SCI', 'Other'])
<tr><td colspan="2"><p> </p>

<p><span style="color: rgb(29,29,29);"><span style="font-family: times new roman;">IntelliGenesis LLC is a veteran-owned, woman-owned company established in 2007. We provide Software Development, Intelligence Analysis, Artificial Intelligence, Computer Network Operations, and Cyber related Internal Research and Development (IR&amp;D) services that result in higher efficiency, automation, and improved analysis, protection, and defense of National Security missions.</span></span></p>

<p><span style="color: rgb(29,29,29);"><span style="font-family: times new roman;">IntelliGenesis offers an extremely competitive and generous benefits package including Medical, Dental, Vision, 20 PTO days with the option to purchase up to an additional 5 days, </span></span> <span style="color: black;"> <span style="font-family: times new roman;">10 % 401k </span></span> <span style="color: rgb(29,29,29);"> <span style="font-family: times new roman;">Match, Holiday pay, Technology Budget, Education/Training Reimbursement, and paid STD, LTD, and Life Insurance.</span></span></p>

<p> </p>

<p><strong><span style="color: rgb(38,38,38);"><span style="font-family: times new roman;"><span style="font-size: 14.0pt;">We are currently seeking a Senior Mission Support Specialist to act as the conduit between collection and mission efforts. </span></span></span></strong></p>

<p> </p>

<p><strong><u><span style="color: rgb(38,38,38);"><span style="font-family: times new roman;"><span style="font-size: 14.0pt;">Job Duties</span></span></span></u></strong></p>

<ul>
	<li><span style="font-family: times new roman;"><span style="font-size: 14.0pt;">Perform SIGINT system and subsystem level tasking, configuration, normalization, survey, equipment configuration, basic signal analysis, interpretation, of system health indications and parameters and routing processes.</span></span></li>
	<li><span style="font-family: times new roman;"><span style="font-size: 14.0pt;">Work with product lines and teams to bridge gaps between collection and dissemination and analysis</span></span></li>
</ul>

<p> </p>

<p><strong><u><span style="color: rgb(38,38,38);"><span style="font-family: times new roman;"><span style="font-size: 14.0pt;">Required Skills:</span></span></span></u></strong></p>

<ul>
	<li style=""><span style="color: rgb(38,38,38);"><span style="font-family: times new roman;"><span style="font-size: 14.0pt;">US Citizens Only</span></span></span></li>
	<li style=""><span style="color: rgb(38,38,38);"><span style="font-family: times new roman;"><span style="font-size: 14.0pt;">Clearance and Polygraph required</span></span></span></li>
	<li style=""><span style="color: rgb(38,38,38);"><span style="font-family: times new roman;"><span style="font-size: 14.0pt;">Minimum of five (5) years collection experience with directly related hands on experience in </span></span></span> <span style="font-family: times new roman;"> <span style="font-size: 14.0pt;">SIGINT system and subsystem level tasking, configuration, normalization, survey, equipment configuration, basic signal analysis, interpretation, of system health indications and parameters and routing processes</span></span></li>
	<li style=""><span style="color: rgb(38,38,38);"><span style="font-family: times new roman;"><span style="font-size: 14.0pt;">Five (5) years experience in at least two of the specialization areas below:</span></span></span>
	<ul style="list-style-type: circle;">
		<li style=""><span style="color: rgb(38,38,38);"><span style="font-family: times new roman;"><span style="font-size: 14.0pt;">Signal analysis</span></span></span></li>
		<li style=""><span style="color: rgb(38,38,38);"><span style="font-family: times new roman;"><span style="font-size: 14.0pt;">Modern Telecommunication System and Networks</span></span></span></li>
		<li style=""><span style="color: rgb(38,38,38);"><span style="font-family: times new roman;"><span style="font-size: 14.0pt;">Telephony Switching Systems</span></span></span></li>
		<li style=""><span style="color: rgb(38,38,38);"><span style="font-family: times new roman;"><span style="font-size: 14.0pt;">Communication Systems</span></span></span></li>
		<li style=""><span style="color: rgb(38,38,38);"><span style="font-family: times new roman;"><span style="font-size: 14.0pt;">Cellular/Personal Communication Systems</span></span></span></li>
	</ul>
	</li>
</ul>

<p style="margin-left: 0.5in;"> </p>

<p><span style="color: rgb(38,38,38);"><span style="font-family: times new roman;"><span style="font-size: 14.0pt;">Maximize your potential with IntelliGenesis!</span></span></span></p>

<p> </p>

<p><span style="color: rgb(38,38,38);"><span style="font-family: times new roman;"><span style="font-size: 14.0pt;">IntelliGenesis, LLC is an EOE M/F/D/V</span></span></span></p></td></tr> set(['TS/SCI', 'Other'])
<tr><td colspan="2"><p><span style="color: rgb(29,29,29);"><span style="font-family: times new roman;">IntelliGenesis LLC is a veteran-owned, woman-owned company established in 2007. We provide Software Development, Intelligence Analysis, Artificial Intelligence, Computer Network Operations, and Cyber related Internal Research and Development (IR&amp;D) services that result in higher efficiency, automation, and improved analysis, protection, and defense of National Security missions.</span></span></p>

<p><span style="color: rgb(29,29,29);"><span style="font-family: times new roman;">IntelliGenesis offers an extremely competitive and generous benefits package including Medical, Dental, Vision, 20 PTO days with the option to purchase up to an additional 5 days, </span></span> <span style="color: black;"> <span style="font-family: times new roman;">10 % 401k </span></span> <span style="color: rgb(29,29,29);"> <span style="font-family: times new roman;">Match, Holiday pay, Technology Budget, Education/Training Reimbursement, and paid STD, LTD, and Life Insurance.</span></span></p>

<p> </p>

<p><strong><span style="color: rgb(38,38,38);"><span style="font-family: times new roman;"><span style="font-size: 14.0pt;">We are currently seeking a Principal SIGDEV Analyst to provide expert level analytic support to planned and deployed systems. </span></span></span></strong></p>

<p> </p>

<p><strong><u><span style="color: rgb(38,38,38);"><span style="font-family: times new roman;"><span style="font-size: 14.0pt;">Job Duties</span></span></span></u></strong></p>

<ul>
	<li><span style="font-family: times new roman;"><span style="font-size: 14.0pt;">P<span style="color: rgb(38,38,38);">rovide expert level analytic support to planned and deployed systems</span></span></span></li>
	<li><span style="font-family: times new roman;"><span style="font-size: 14.0pt;">Perform access analysis, target development, and engineering analysis</span></span></li>
</ul>

<p> </p>

<p><strong><u><span style="color: rgb(38,38,38);"><span style="font-family: times new roman;"><span style="font-size: 14.0pt;">Required Skills:</span></span></span></u></strong></p>

<ul>
	<li style=""><span style="color: rgb(38,38,38);"><span style="font-family: times new roman;"><span style="font-size: 14.0pt;">US Citizens Only</span></span></span></li>
	<li style=""><span style="color: rgb(38,38,38);"><span style="font-family: times new roman;"><span style="font-size: 14.0pt;">Clearance and Polygraph required</span></span></span></li>
	<li style=""><span style="color: rgb(38,38,38);"><span style="font-family: times new roman;"><span style="font-size: 14.0pt;">Minimum of ten (10) years experience of SIGINT development analytic support</span></span></span></li>
	<li style=""><span style="color: rgb(38,38,38);"><span style="font-family: times new roman;"><span style="font-size: 14.0pt;">Minimum of seven (7) years experience in at least four (4) of the specialization areas below:</span></span></span>
	<ul style="list-style-type: circle;">
		<li style=""><span style="color: rgb(38,38,38);"><span style="font-family: times new roman;"><span style="font-size: 14.0pt;">Signal Analysis</span></span></span></li>
		<li style=""><span style="color: rgb(38,38,38);"><span style="font-family: times new roman;"><span style="font-size: 14.0pt;">Modern Telecommunications System and Networks</span></span></span></li>
		<li style=""><span style="color: rgb(38,38,38);"><span style="font-family: times new roman;"><span style="font-size: 14.0pt;">Telephony Switching System</span></span></span></li>
		<li style=""><span style="color: rgb(38,38,38);"><span style="font-family: times new roman;"><span style="font-size: 14.0pt;">Communications Systems</span></span></span></li>
		<li style=""><span style="color: rgb(38,38,38);"><span style="font-family: times new roman;"><span style="font-size: 14.0pt;">Cellular/Personal Communications</span></span></span></li>
		<li style=""><span style="color: rgb(38,38,38);"><span style="font-family: times new roman;"><span style="font-size: 14.0pt;">Periodic on call and OCONUS travel is required</span></span></span></li>
	</ul>
	</li>
</ul>

<p style="margin-left: 0.5in;"> </p>

<p><span style="color: rgb(38,38,38);"><span style="font-family: times new roman;"><span style="font-size: 14.0pt;">Maximize your potential with IntelliGenesis!</span></span></span></p>

<p> </p>

<p><span style="color: rgb(38,38,38);"><span style="font-family: times new roman;"><span style="font-size: 14.0pt;">IntelliGenesis, LLC is an EOE M/F/D/V</span></span></span></p>

<p> </p></td></tr> set(['TS/SCI', 'Other'])
<tr><td colspan="2"><p><span style="color: rgb(29,29,29);"><span style="font-family: times new roman;">IntelliGenesis LLC is a veteran-owned, woman-owned company established in 2007. We provide Software Development, Intelligence Analysis, Artificial Intelligence, Computer Network Operations, and Cyber related Internal Research and Development (IR&amp;D) services that result in higher efficiency, automation, and improved analysis, protection, and defense of National Security missions.</span></span></p>

<p><span style="color: rgb(29,29,29);"><span style="font-family: times new roman;">IntelliGenesis offers an extremely competitive and generous benefits package including Medical, Dental, Vision, 20 PTO days with the option to purchase up to an additional 5 days, </span></span> <span style="color: black;"> <span style="font-family: times new roman;">10 % 401k </span></span> <span style="color: rgb(29,29,29);"> <span style="font-family: times new roman;">Match, Holiday pay, Technology Budget, Education/Training Reimbursement, and paid STD, LTD, and Life Insurance.</span></span></p>

<p> </p>

<p><strong><span style="color: rgb(38,38,38);"><span style="font-family: times new roman;"><span style="font-size: 14.0pt;">We are currently seeking a Senior Target Analyst/Reporter to support analytic and reporting activities. </span></span></span></strong></p>

<p> </p>

<p><strong><u><span style="color: rgb(38,38,38);"><span style="font-family: times new roman;"><span style="font-size: 14.0pt;">Job Duties</span></span></span></u></strong></p>

<ul>
	<li><span style="font-family: times new roman;"><span style="font-size: 14.0pt;">Support SIGDEV actitivities using customer tools and databases to characterize and understand target networks</span></span></li>
	<li><span style="font-family: times new roman;"><span style="font-size: 14.0pt;">Provide content for reports</span></span></li>
	<li><span style="font-family: times new roman;"><span style="font-size: 14.0pt;">Recommend decisions related to system operations</span></span></li>
	<li><span style="font-family: times new roman;"><span style="font-size: 14.0pt;">Work with teammates and other subject matter experts to develop a fuller understanding of communication networks</span></span></li>
</ul>

<p> </p>

<p><strong><u><span style="color: rgb(38,38,38);"><span style="font-family: times new roman;"><span style="font-size: 14.0pt;">Required Skills:</span></span></span></u></strong></p>

<ul>
	<li style=""><span style="color: rgb(38,38,38);"><span style="font-family: times new roman;"><span style="font-size: 14.0pt;">US Citizens Only</span></span></span></li>
	<li style=""><span style="color: rgb(38,38,38);"><span style="font-family: times new roman;"><span style="font-size: 14.0pt;">Clearance and Polygraph required</span></span></span></li>
	<li style=""><span style="color: rgb(38,38,38);"><span style="font-family: times new roman;"><span style="font-size: 14.0pt;">Minimum of five (5) years experience of target analysis and reporting</span></span></span></li>
	<li style=""><span style="color: rgb(38,38,38);"><span style="font-family: times new roman;"><span style="font-size: 14.0pt;">Minimum of five (5) years experience in Modern Telecommunication systems</span></span></span></li>
</ul>

<p style="margin-left: 0.5in;"> </p>

<p><span style="color: rgb(38,38,38);"><span style="font-family: times new roman;"><span style="font-size: 14.0pt;">Maximize your potential with IntelliGenesis!</span></span></span></p>

<p> </p>

<p><span style="color: rgb(38,38,38);"><span style="font-family: times new roman;"><span style="font-size: 14.0pt;">IntelliGenesis, LLC is an EOE M/F/D/V</span></span></span></p></td></tr> set(['TS/SCI', 'Other'])
<tr><td colspan="2"><p><span style="color: rgb(22,22,22);"><span style="font-family: times new roman;">IntelliGenesis LLC is a veteran-owned, woman-owned company established in 2007. We provide Software Development, Intelligence Analysis, Artificial Intelligence, Computer Network Operations, and Cyber related Internal Research and Development (IR&amp;D) services that result in higher efficiency, automation, and improved analysis, protection, and defense of National Security missions.</span></span></p>

<p><span style="color: rgb(22,22,22);"><span style="font-family: times new roman;">IntelliGenesis offers an extremely competitive and generous benefits package including Medical, Dental, Vision, 20 PTO days with the option to purchase up to an additional 5 days, </span></span> <span style="font-family: times new roman;">10 % 401k <span style="color: rgb(22,22,22);">Match, Holiday pay, Technology Budget, Education/Training Reimbursement, and paid STD, LTD, and Life Insurance.</span></span></p>

<p><strong><span style="font-family: times new roman;">We are currently seeking Target Analysts!</span></strong></p>

<p><strong><u><span style="font-family: times new roman;">Job Duties:</span></u></strong></p>

<ul>
	<li style=""><span style="font-family: times new roman;">Produce tailored reports, products and briefings to tactical and national consumers in response to Requests for Information (RFI)</span></li>
	<li style=""><span style="font-family: times new roman;">Maintain situational awareness across the Area of Responsibility and disseminate critical information to appropriate mission elements</span></li>
	<li style=""><span style="font-family: times new roman;">Analyze and evaluate raw intelligence and collaborate with the Intelligence Community to provide complete and accurate picture of targets or operations</span></li>
	<li style=""><span style="font-family: times new roman;">Plan, coordinate, and provide real-time mission guidance to support elements</span></li>
	<li style=""><span style="font-family: times new roman;">Research, analyze and fuse information from multiple sources to provide assessments of the intelligence value</span></li>
</ul>

<p><strong><u><span style="font-family: times new roman;">Required Skills:</span></u></strong></p>

<ul>
	<li style=""><span style="font-family: times new roman;">Must be a US Citizen</span></li>
	<li style=""><span style="font-family: times new roman;">Active Clearance/Polygraph required</span></li>
	<li style=""><span style="font-family: times new roman;">Shall have experience in intelligence collection, analysis and reporting</span></li>
	<li style=""><span style="font-family: times new roman;">Ability to analyze and evaluate raw intelligence in order to produce accurate and time-sensitive, near real-time support to tactical units</span></li>
	<li style=""><span style="font-family: times new roman;">Knowledge of analytic tools and processes </span></li>
</ul>

<p> </p>

<p><span style="font-family: times new roman;">Maximize your potential with IntelliGenesis!</span></p>

<p><span style="font-family: times new roman;">IntelliGenesis LLC is an EOE M/F/D/V</span></p></td></tr> set(['TS/SCI', 'Other'])
<tr><td colspan="2"><p><span style="color: rgb(22,22,22);"><span style="font-family: times new roman;">IntelliGenesis LLC is a veteran-owned, woman-owned company established in 2007. We provide Software Development, Intelligence Analysis, Artificial Intelligence, Computer Network Operations, and Cyber related Internal Research and Development (IR&amp;D) services that result in higher efficiency, automation, and improved analysis, protection, and defense of National Security missions.</span></span></p>

<p><span style="color: rgb(22,22,22);"><span style="font-family: times new roman;">IntelliGenesis offers an extremely competitive and generous benefits package including Medical, Dental, Vision, 20 PTO days with the option to purchase up to an additional 5 days, </span></span> <span style="font-family: times new roman;">10 % 401k <span style="color: rgb(22,22,22);">Match, Holiday pay, Technology Budget, Education/Training Reimbursement, and paid STD, LTD, and Life Insurance.</span></span></p>

<p><strong><span style="font-family: times new roman;">We are currently seeking Intelligence Analyst/Reporters!</span></strong></p>

<p><strong><u><span style="font-family: times new roman;">Job Duties:</span></u></strong></p>

<ul>
	<li style=""><span style="font-family: times new roman;">Draft time-sensitive intelligence reports</span></li>
	<li style=""><span style="font-family: times new roman;">Evaluate data, identify essential elements and draft applicable reports</span></li>
	<li style=""><span style="font-family: times new roman;">Analyze technical information for accuracy and inclusion in reports</span></li>
	<li style=""><span style="font-family: times new roman;">Provide feedback to mission personnel</span></li>
</ul>

<p><strong><u><span style="font-family: times new roman;">Required Skills:</span></u></strong></p>

<ul>
	<li style=""><span style="font-family: times new roman;">Must be a US Citizen</span></li>
	<li style=""><span style="font-family: times new roman;">Active Clearance/Polygraph required</span></li>
	<li style=""><span style="font-family: times new roman;">Shall have four (4) years of experience in intelligence collection, analysis and reporting</span></li>
	<li style=""><span style="font-family: times new roman;">Shall have experience with time-sensitive reporting</span></li>
	<li style=""><span style="font-family: times new roman;">Knowledge of analytic tools and processes </span></li>
</ul>

<p style="margin-left: 0.5in;"> </p>

<p><span style="font-family: times new roman;">Maximize your potential with IntelliGenesis!</span></p>

<p><span style="font-family: times new roman;">IntelliGenesis LLC is an EOE M/F/D/V</span></p></td></tr> set(['TS/SCI', 'Other'])
<tr><td colspan="2"><p><span style="font-size: 12.0px;"><span style="font-family: times new roman , times , serif;"><span style="color: rgb(22,22,22);">IntelliGenesis LLC is a veteran-owned, woman-owned company established in 2007. We provide Software Development, Intelligence Analysis, Artificial Intelligence, Computer Network Operations, and Cyber related Internal Research and Development (IR&amp;D) services that result in higher efficiency, automation, and improved analysis, protection, and defense of National Security missions.</span></span></span></p>

<p><span style="font-size: 12.0px;"><span style="font-family: times new roman , times , serif;"><span style="color: rgb(22,22,22);">IntelliGenesis offers an extremely competitive and generous benefits package including Medical, Dental, Vision, 20 PTO days with the option to purchase up to an additional 5 days, </span>10 % 401k <span style="color: rgb(22,22,22);">Match, Holiday pay, Technology Budget, Education/Training Reimbursement, and paid STD, LTD, and Life Insurance.</span></span></span></p>

<p><span style="font-size: 12.0px;"><span style="font-family: times new roman , times , serif;"><strong>We are currently seeking Senior Intelligence Analyst/Reporters!</strong></span></span></p>

<p><span style="font-size: 12.0px;"><span style="font-family: times new roman , times , serif;"><strong><u>Job Duties:</u></strong></span></span></p>

<ul>
	<li style=""><span style="font-size: 12.0px;"><span style="font-family: times new roman , times , serif;">Provide quality control and dissemination of time-sensitive intelligence reports</span></span></li>
	<li style=""><span style="font-size: 12.0px;"><span style="font-family: times new roman , times , serif;">Evaluate data and identify essential elements for reporting</span></span></li>
	<li style=""><span style="font-size: 12.0px;"><span style="font-family: times new roman , times , serif;">Analyze technical information for accuracy and inclusion in reports</span></span></li>
	<li style=""><span style="font-size: 12.0px;"><span style="font-family: times new roman , times , serif;">Provide feedback to mission personnel</span></span></li>
</ul>

<p><span style="font-size: 12.0px;"><span style="font-family: times new roman , times , serif;"><strong><u>Required Skills:</u></strong></span></span></p>

<ul>
	<li style=""><span style="font-size: 12.0px;"><span style="font-family: times new roman , times , serif;">Must be a US Citizen</span></span></li>
	<li style=""><span style="font-size: 12.0px;"><span style="font-family: times new roman , times , serif;">Active Clearance/Polygraph required</span></span></li>
	<li style=""><span style="font-size: 12.0px;"><span style="font-family: times new roman , times , serif;">Shall have eight (8) years of experience in intelligence collection, analysis and reporting</span></span></li>
	<li style=""><span style="font-size: 12.0px;"><span style="font-family: times new roman , times , serif;">Shall have experience with time-sensitive reporting, fielding Requests for Information (RFI) and term analysis </span></span></li>
	<li style=""><span style="font-size: 12.0px;"><span style="font-family: times new roman , times , serif;">Knowledge of policies, procedures and regulations that govern time-sensitive reporting</span></span></li>
	<li style=""><span style="font-size: 12.0px;"><span style="font-family: times new roman , times , serif;">Knowledge of analytic tools, applications and databases utilized to provide mission support</span></span></li>
	<li style=""><span style="font-size: 12.0px;"><span style="font-family: times new roman , times , serif;">Provide training to newly assigned personnel</span></span></li>
</ul>

<p style="margin-left: 0.5in;"> </p>

<p><span style="font-size: 12.0px;"><span style="font-family: times new roman , times , serif;">Maximize your potential with IntelliGenesis!</span></span></p>

<p><span style="font-size: 12.0px;"><span style="font-family: times new roman , times , serif;">IntelliGenesis LLC is an EOE M/F/D/V</span></span></p></td></tr> set(['TS/SCI', 'Other'])
<tr><td colspan="2"><p><span style="font-size: 12.0px;"><span style="font-family: times new roman , times , serif;"><span style="color: rgb(22,22,22);">IntelliGenesis LLC is a veteran-owned, woman-owned company established in 2007. We provide Software Development, Intelligence Analysis, Artificial Intelligence, Computer Network Operations, and Cyber related Internal Research and Development (IR&amp;D) services that result in higher efficiency, automation, and improved analysis, protection, and defense of National Security missions.</span></span></span></p>

<p><span style="font-size: 12.0px;"><span style="font-family: times new roman , times , serif;"><span style="color: rgb(22,22,22);">IntelliGenesis offers an extremely competitive and generous benefits package including Medical, Dental, Vision, 20 PTO days with the option to purchase up to an additional 5 days, </span>10 % 401k <span style="color: rgb(22,22,22);">Match, Holiday pay, Technology Budget, Education/Training Reimbursement, and paid STD, LTD, and Life Insurance.</span></span></span></p>

<p><span style="font-size: 12.0px;"><span style="font-family: times new roman , times , serif;"><strong>We are currently seeking Instructors/Training Managers!</strong></span></span></p>

<p><span style="font-size: 12.0px;"><span style="font-family: times new roman , times , serif;"><strong><u>Job Duties:</u></strong></span></span></p>

<ul>
	<li style=""><span style="font-size: 12.0px;"><span style="font-family: times new roman , times , serif;">Conduct classroom-based instruction to include practical application exercises</span></span></li>
	<li style=""><span style="font-size: 12.0px;"><span style="font-family: times new roman , times , serif;">Conduct tailored follow-on training to ensure reporting proficiency is maintained</span></span></li>
	<li style=""><span style="font-size: 12.0px;"><span style="font-family: times new roman , times , serif;">Collaborate with Senior Reporters to identify and mitigate training gaps that impact mission reporting</span></span></li>
	<li style=""><span style="font-size: 12.0px;"><span style="font-family: times new roman , times , serif;">Conduct training and instruction external to primary assigned location as part of a Mobile Training Team (MTT)</span></span></li>
	<li style=""><span style="font-size: 12.0px;"><span style="font-family: times new roman , times , serif;">Mentor and guide team personnel</span></span></li>
	<li style=""><span style="font-size: 12.0px;"><span style="font-family: times new roman , times , serif;">Maintain awareness of current and changing governing reporting policies</span></span></li>
</ul>

<p><span style="font-size: 12.0px;"><span style="font-family: times new roman , times , serif;"><strong><u>Required Skills:</u></strong></span></span></p>

<ul>
	<li style=""><span style="font-size: 12.0px;"><span style="font-family: times new roman , times , serif;">Must be a US Citizen</span></span></li>
	<li style=""><span style="font-size: 12.0px;"><span style="font-family: times new roman , times , serif;">Active Clearance/Polygraph required</span></span></li>
	<li style=""><span style="font-size: 12.0px;"><span style="font-family: times new roman , times , serif;">Shall have eight (8) years of experience in intelligence collection, analysis and reporting</span></span></li>
	<li style=""><span style="font-size: 12.0px;"><span style="font-family: times new roman , times , serif;">Understanding of Intelligence, Surveillance and Reconnaissance (ISR) missions, procedures and processes</span></span></li>
	<li style=""><span style="font-size: 12.0px;"><span style="font-family: times new roman , times , serif;">Experience supporting Joint military operations  </span></span></li>
	<li style=""><span style="font-size: 12.0px;"><span style="font-family: times new roman , times , serif;">Knowledge of analytic tools and processes </span></span></li>
</ul>

<p style="margin-left: 0.5in;"> </p>

<p><span style="font-size: 12.0px;"><span style="font-family: times new roman , times , serif;">Maximize your potential with IntelliGenesis!</span></span></p>

<p><span style="font-size: 12.0px;"><span style="font-family: times new roman , times , serif;">IntelliGenesis LLC is an EOE M/F/D/V</span></span></p></td></tr> set(['TS/SCI', 'Other'])
<tr><td colspan="2"><p><span style="font-size: 12.0px;"><span style="font-family: times new roman , times , serif;"><span style="color: rgb(22,22,22);">IntelliGenesis LLC is a veteran-owned, woman-owned company established in 2007. We provide Software Development, Intelligence Analysis, Artificial Intelligence, Computer Network Operations, and Cyber related Internal Research and Development (IR&amp;D) services that result in higher efficiency, automation, and improved analysis, protection, and defense of National Security missions.</span></span></span></p>

<p><span style="font-size: 12.0px;"><span style="font-family: times new roman , times , serif;"><span style="color: rgb(22,22,22);">IntelliGenesis offers an extremely competitive and generous benefits package including Medical, Dental, Vision, 20 PTO days with the option to purchase up to an additional 5 days, </span>10 % 401k <span style="color: rgb(22,22,22);">Match, Holiday pay, Technology Budget, Education/Training Reimbursement, and paid STD, LTD, and Life Insurance.</span></span></span></p>

<p><span style="font-size: 12.0px;"><span style="font-family: times new roman , times , serif;"><strong>We are currently seeking Collection Managers!</strong></span></span></p>

<p><span style="font-size: 12.0px;"><span style="font-family: times new roman , times , serif;"><strong><u>Job Duties:</u></strong></span></span></p>

<ul>
	<li style=""><span style="font-size: 12.0px;"><span style="font-family: times new roman , times , serif;">Manage data acquisition, information flow and processing of collected information</span></span></li>
	<li style=""><span style="font-size: 12.0px;"><span style="font-family: times new roman , times , serif;">Coordinate processing and reporting efforts</span></span></li>
	<li style=""><span style="font-size: 12.0px;"><span style="font-family: times new roman , times , serif;">Ensure work-load balance is distributed effectively to support mission needs </span></span></li>
	<li style=""><span style="font-size: 12.0px;"><span style="font-family: times new roman , times , serif;">Monitor systems, identify anomalies and reduce duplication of collection efforts</span></span></li>
	<li style=""><span style="font-size: 12.0px;"><span style="font-family: times new roman , times , serif;">Provide daily summaries of ingested and processed data</span></span></li>
</ul>

<p><span style="font-size: 12.0px;"><span style="font-family: times new roman , times , serif;"><strong><u>Required Skills:</u></strong></span></span></p>

<ul>
	<li style=""><span style="font-size: 12.0px;"><span style="font-family: times new roman , times , serif;">Must be a US Citizen</span></span></li>
	<li style=""><span style="font-size: 12.0px;"><span style="font-family: times new roman , times , serif;">Active Clearance/Polygraph required</span></span></li>
	<li style=""><span style="font-size: 12.0px;"><span style="font-family: times new roman , times , serif;">Shall have eight (8) years of experience in collection management, analysis and reporting</span></span></li>
	<li style=""><span style="font-size: 12.0px;"><span style="font-family: times new roman , times , serif;">Experience with data acquisition and system data flow</span></span></li>
	<li style=""><span style="font-size: 12.0px;"><span style="font-family: times new roman , times , serif;">Ability to anticipate mission requirements and customer needs</span></span></li>
	<li style=""><span style="font-size: 12.0px;"><span style="font-family: times new roman , times , serif;">Ability to manage and coordinate multiple systems and assets simultaneously</span></span></li>
	<li style=""><span style="font-size: 12.0px;"><span style="font-family: times new roman , times , serif;">Knowledge of analytic tools and processes </span></span></li>
</ul>

<p style="margin-left: 0.5in;"> </p>

<p><span style="font-size: 12.0px;"><span style="font-family: times new roman , times , serif;">Maximize your potential with IntelliGenesis!</span></span></p>

<p><span style="font-size: 12.0px;"><span style="font-family: times new roman , times , serif;">IntelliGenesis LLC is an EOE M/F/D/V</span></span></p></td></tr> set(['TS/SCI', 'Other'])
<tr><td colspan="2"><p><span style="font-size: 12.0px;"><span style="font-family: times new roman , times , serif;"><span style="color: rgb(22,22,22);">IntelliGenesis LLC is a veteran-owned, woman-owned company established in 2007. We provide Software Development, Intelligence Analysis, Artificial Intelligence, Computer Network Operations, and Cyber related Internal Research and Development (IR&amp;D) services that result in higher efficiency, automation, and improved analysis, protection, and defense of National Security missions.</span></span></span></p>

<p><span style="font-size: 12.0px;"><span style="font-family: times new roman , times , serif;"><span style="color: rgb(22,22,22);">IntelliGenesis offers an extremely competitive and generous benefits package including Medical, Dental, Vision, 20 PTO days with the option to purchase up to an additional 5 days, </span>10 % 401k <span style="color: rgb(22,22,22);">Match, Holiday pay, Technology Budget, Education/Training Reimbursement, and paid STD, LTD, and Life Insurance.</span></span></span></p>

<p><span style="font-size: 12.0px;"><span style="font-family: times new roman , times , serif;"><strong>We are currently seeking Intelligence Analysts! </strong></span></span></p>

<p><span style="font-size: 12.0px;"><span style="font-family: times new roman , times , serif;"><strong><u>Required Skills:</u></strong></span></span></p>

<ul>
	<li style=""><span style="font-size: 12.0px;"><span style="font-family: times new roman , times , serif;">Must be a US Citizen</span></span></li>
	<li style=""><span style="font-size: 12.0px;"><span style="font-family: times new roman , times , serif;">Active Clearance/Polygraph required</span></span></li>
	<li style=""><span style="font-size: 12.0px;"><span style="font-family: times new roman , times , serif;">Shall have experience in one or more of the following:</span></span>
	<ul>
		<li style=""><span style="font-size: 12.0px;"><span style="font-family: times new roman , times , serif;">Mission Management and Coordination</span></span></li>
		<li style=""><span style="font-size: 12.0px;"><span style="font-family: times new roman , times , serif;">Collection Management</span></span></li>
		<li style=""><span style="font-size: 12.0px;"><span style="font-family: times new roman , times , serif;">Tactical/Time-Sensitive Reporting and operations support</span></span></li>
		<li style=""><span style="font-size: 12.0px;"><span style="font-family: times new roman , times , serif;">Analysis and evaluation of intelligence information</span></span></li>
		<li style=""><span style="font-size: 12.0px;"><span style="font-family: times new roman , times , serif;">Target identification, tracking and development</span></span></li>
	</ul>
	</li>
	<li style=""><span style="font-size: 12.0px;"><span style="font-family: times new roman , times , serif;">Ability to process, evaluate and fuse multiple sources of data to support mission operations</span></span></li>
</ul>

<p><span style="font-size: 12.0px;"><span style="font-family: times new roman , times , serif;"><strong><u>Desired Skills:</u></strong></span></span></p>

<ul>
	<li style=""><span style="font-size: 12.0px;"><span style="font-family: times new roman , times , serif;">Experience in processing Requests for Information (RFI) from forward deployed elements</span></span></li>
	<li style=""><span style="font-size: 12.0px;"><span style="font-family: times new roman , times , serif;">Ability to anticipate changes in mission needs and requirements </span></span></li>
	<li style=""><span style="font-size: 12.0px;"><span style="font-family: times new roman , times , serif;">Knowledge of customer tools, policies and procedures </span></span></li>
</ul>

<p> </p>

<p><span style="font-size: 12.0px;"><span style="font-family: times new roman , times , serif;">Maximize your potential with IntelliGenesis!</span></span></p>

<p><span style="font-size: 12.0px;"><span style="font-family: times new roman , times , serif;">IntelliGenesis LLC is an EOE M/F/D/V</span></span></p></td></tr> set(['TS/SCI', 'Other'])
<tr><td colspan="2"><p><span style="color: rgb(29,29,29);"><span style="font-family: times new roman;">IntelliGenesis LLC is a veteran-owned, woman-owned company established in 2007. We provide Software Development, Intelligence Analysis, Artificial Intelligence, Computer Network Operations, and Cyber related Internal Research and Development (IR&amp;D) services that result in higher efficiency, automation, and improved analysis, protection, and defense of National Security missions.</span></span></p>

<p> </p>

<p><span style="color: rgb(29,29,29);"><span style="font-family: times new roman;">IntelliGenesis offers an extremely competitive and generous benefits package including Medical, Dental, Vision, 20 PTO days with the option to purchase up to an additional 5 days, </span></span> <span style="color: black;"> <span style="font-family: times new roman;">10 % 401k </span></span> <span style="color: rgb(29,29,29);"> <span style="font-family: times new roman;">Match, Holiday pay, Technology Budget, Education/Training Reimbursement, and paid STD, LTD, and Life Insurance.</span></span></p>

<p> </p>

<p><strong><span style="color: rgb(38,38,38);"><span style="font-family: times new roman;"><span style="font-size: 14.0pt;">We are currently seeking a Target Systems Analyst to research and report on systems of interest. </span></span></span></strong></p>

<p> </p>

<p><strong><u><span style="color: rgb(38,38,38);"><span style="font-family: times new roman;"><span style="font-size: 14.0pt;">Job Duties</span></span></span></u></strong></p>

<ul>
	<li><span style="font-family: times new roman;"><span style="font-size: 14.0pt;">Investigate and research systems of interest and report on those systems in conjunction with other available intelligence, data, products, and reports.</span></span></li>
	<li><span style="font-family: times new roman;"><span style="font-size: 14.0pt;">Look at potential gaps in current plans as it relates to current systems and their product versions</span></span></li>
	<li><span style="font-family: times new roman;"><span style="font-size: 14.0pt;">Provide input to short and long range capability development planning</span></span></li>
</ul>

<p> </p>

<p><strong><u><span style="color: rgb(38,38,38);"><span style="font-family: times new roman;"><span style="font-size: 14.0pt;">Required Skills:</span></span></span></u></strong></p>

<ul>
	<li style=""><span style="color: rgb(38,38,38);"><span style="font-family: times new roman;"><span style="font-size: 14.0pt;">US Citizens Only</span></span></span></li>
	<li style=""><span style="color: rgb(38,38,38);"><span style="font-family: times new roman;"><span style="font-size: 14.0pt;">Clearance and Polygraph required</span></span></span></li>
	<li style=""><span style="color: rgb(38,38,38);"><span style="font-family: times new roman;"><span style="font-size: 14.0pt;">Minimum of five (5) years of relevant industry experience </span></span></span></li>
	<li style=""><span style="color: rgb(38,38,38);"><span style="font-family: times new roman;"><span style="font-size: 14.0pt;">Bachelor’s degree in Systems Engineering, Mechanical Engineering, Industrial Engineering, Chemical Engineering, Software Engineering, Information Technology, Information Assurance, and/or relevant</span></span></span></li>
	<li style=""><span style="color: rgb(38,38,38);"><span style="font-family: times new roman;"><span style="font-size: 14.0pt;">Background in one (1) or more of the following areas: </span></span></span></li>
</ul>

<p style="margin-left: 0.5in;text-indent: -0.5in;">      <span style="color: rgb(38,38,38);"> <span style="font-family: times new roman;"> <span style="font-size: 14.0pt;">      - Relevant manufacturing processes that employ process control</span></span></span></p>

<p style="margin-left: 0.5in;text-indent: -0.5in;">      <span style="color: rgb(38,38,38);"> <span style="font-family: times new roman;"> <span style="font-size: 14.0pt;">      - Electric Power generation or distribution control systems</span></span></span></p>

<p style="margin-left: 0.5in;text-indent: -0.5in;">      <span style="color: rgb(38,38,38);"> <span style="font-family: times new roman;"> <span style="font-size: 14.0pt;">      - Transportation control systems</span></span></span></p>

<p style="margin-left: 0.5in;text-indent: -0.5in;">      <span style="color: rgb(38,38,38);"> <span style="font-family: times new roman;"> <span style="font-size: 14.0pt;">      - Petroleum, gas, or lubricant control systems</span></span></span></p>

<ul>
	<li style=""><span style="color: rgb(38,38,38);"><span style="font-family: times new roman;"><span style="font-size: 14.0pt;">Experience in five (5) or more of the following areas:</span></span></span></li>
</ul>

<p style="margin-left: 0.5in;"><span style="color: rgb(38,38,38);"><span style="font-family: times new roman;"><span style="font-size: 14.0pt;">- Developing information that will identify gaps in the strategic plan and technical baseline</span></span></span></p>

<p style="margin-left: 0.5in;"><span style="color: rgb(38,38,38);"><span style="font-family: times new roman;"><span style="font-size: 14.0pt;">- Producing detailed expertise for the selected problem task given for a specific problem area</span></span></span></p>

<p style="margin-left: 0.5in;"><span style="color: rgb(38,38,38);"><span style="font-family: times new roman;"><span style="font-size: 14.0pt;">- Analyzing requirements and development strategies from the basis of expert knowledge and provide opinions of feasibility and alternate solutions</span></span></span></p>

<p style="margin-left: 0.5in;"><span style="color: rgb(38,38,38);"><span style="font-family: times new roman;"><span style="font-size: 14.0pt;">- Understanding of computer and microprocessor fundamentals</span></span></span></p>

<p style="margin-left: 0.5in;"><span style="color: rgb(38,38,38);"><span style="font-family: times new roman;"><span style="font-size: 14.0pt;">- Understanding of CNO fundamentals</span></span></span></p>

<p style="margin-left: 0.5in;"> </p>

<p><span style="color: rgb(38,38,38);"><span style="font-family: times new roman;"><span style="font-size: 14.0pt;">Maximize your potential with IntelliGenesis!</span></span></span></p>

<p> </p>

<p><span style="color: rgb(38,38,38);"><span style="font-family: times new roman;"><span style="font-size: 14.0pt;">IntelliGenesis, LLC is an EOE M/F/D/V</span></span></span></p></td></tr> set(['TS/SCI', 'Other'])
<tr><td colspan="2"><p><span style="color: rgb(29,29,29);"><span style="font-family: times new roman;">IntelliGenesis LLC is a veteran-owned, woman-owned company established in 2007. We provide Software Development, Intelligence Analysis, Artificial Intelligence, Computer Network Operations, and Cyber related Internal Research and Development (IR&amp;D) services that result in higher efficiency, automation, and improved analysis, protection, and defense of National Security missions.</span></span></p>

<p><span style="color: rgb(29,29,29);"><span style="font-family: times new roman;">IntelliGenesis offers an extremely competitive and generous benefits package including Medical, Dental, Vision, 20 PTO days with the option to purchase up to an additional 5 days, </span></span> <span style="color: black;"> <span style="font-family: times new roman;">10 % 401k </span></span> <span style="color: rgb(29,29,29);"> <span style="font-family: times new roman;">Match, Holiday pay, Technology Budget, Education/Training Reimbursement, and paid STD, LTD, and Life Insurance.</span></span></p>

<p> </p>

<p><strong><span style="color: rgb(38,38,38);"><span style="font-family: times new roman;"><span style="font-size: 14.0pt;">We are currently seeking a Senior Target Analyst/Reporter to support analytic and reporting activities. </span></span></span></strong></p>

<p> </p>

<p><strong><u><span style="color: rgb(38,38,38);"><span style="font-family: times new roman;"><span style="font-size: 14.0pt;">Job Duties</span></span></span></u></strong></p>

<ul>
	<li><span style="font-family: times new roman;"><span style="font-size: 14.0pt;">Support SIGDEV actitivities using customer tools and databases to characterize and understand target networks</span></span></li>
	<li><span style="font-family: times new roman;"><span style="font-size: 14.0pt;">Provide content for reports</span></span></li>
	<li><span style="font-family: times new roman;"><span style="font-size: 14.0pt;">Recommend decisions related to system operations</span></span></li>
	<li><span style="font-family: times new roman;"><span style="font-size: 14.0pt;">Work with teammates and other subject matter experts to develop a fuller understanding of communication networks</span></span></li>
</ul>

<p> </p>

<p><strong><u><span style="color: rgb(38,38,38);"><span style="font-family: times new roman;"><span style="font-size: 14.0pt;">Required Skills:</span></span></span></u></strong></p>

<ul>
	<li style=""><span style="color: rgb(38,38,38);"><span style="font-family: times new roman;"><span style="font-size: 14.0pt;">US Citizens Only</span></span></span></li>
	<li style=""><span style="color: rgb(38,38,38);"><span style="font-family: times new roman;"><span style="font-size: 14.0pt;">Clearance and Polygraph required</span></span></span></li>
	<li style=""><span style="color: rgb(38,38,38);"><span style="font-family: times new roman;"><span style="font-size: 14.0pt;">Minimum of five (5) years experience of target analysis and reporting</span></span></span></li>
	<li style=""><span style="color: rgb(38,38,38);"><span style="font-family: times new roman;"><span style="font-size: 14.0pt;">Minimum of five (5) years experience in Modern Telecommunication systems</span></span></span></li>
</ul>

<p style="margin-left: 0.5in;"> </p>

<p><span style="color: rgb(38,38,38);"><span style="font-family: times new roman;"><span style="font-size: 14.0pt;">Maximize your potential with IntelliGenesis!</span></span></span></p>

<p> </p>

<p><span style="color: rgb(38,38,38);"><span style="font-family: times new roman;"><span style="font-size: 14.0pt;">IntelliGenesis, LLC is an EOE M/F/D/V</span></span></span></p></td></tr> set(['TS/SCI', 'Other'])
<tr><td colspan="2"><p><span style="color: rgb(29,29,29);"><span style="font-family: times new roman;">IntelliGenesis LLC is a veteran-owned, woman-owned company established in 2007. We provide Software Development, Intelligence Analysis, Artificial Intelligence, Computer Network Operations, and Cyber related Internal Research and Development (IR&amp;D) services that result in higher efficiency, automation, and improved analysis, protection, and defense of National Security missions.</span></span></p>

<p><span style="color: rgb(29,29,29);"><span style="font-family: times new roman;">IntelliGenesis offers an extremely competitive and generous benefits package including Medical, Dental, Vision, 20 PTO days with the option to purchase up to an additional 5 days, </span></span> <span style="color: black;"> <span style="font-family: times new roman;">10 % 401k </span></span> <span style="color: rgb(29,29,29);"> <span style="font-family: times new roman;">Match, Holiday pay, Technology Budget, Education/Training Reimbursement, and paid STD, LTD, and Life Insurance.</span></span></p>

<p> </p>

<p><strong><span style="color: rgb(38,38,38);"><span style="font-family: times new roman;"><span style="font-size: 14.0pt;">We are currently seeking a Principal SIGDEV Analyst to provide expert level analytic support to planned and deployed systems. </span></span></span></strong></p>

<p> </p>

<p><strong><u><span style="color: rgb(38,38,38);"><span style="font-family: times new roman;"><span style="font-size: 14.0pt;">Job Duties</span></span></span></u></strong></p>

<ul>
	<li><span style="font-family: times new roman;"><span style="font-size: 14.0pt;">P<span style="color: rgb(38,38,38);">rovide expert level analytic support to planned and deployed systems</span></span></span></li>
	<li><span style="font-family: times new roman;"><span style="font-size: 14.0pt;">Perform access analysis, target development, and engineering analysis</span></span></li>
</ul>

<p> </p>

<p><strong><u><span style="color: rgb(38,38,38);"><span style="font-family: times new roman;"><span style="font-size: 14.0pt;">Required Skills:</span></span></span></u></strong></p>

<ul>
	<li style=""><span style="color: rgb(38,38,38);"><span style="font-family: times new roman;"><span style="font-size: 14.0pt;">US Citizens Only</span></span></span></li>
	<li style=""><span style="color: rgb(38,38,38);"><span style="font-family: times new roman;"><span style="font-size: 14.0pt;">Clearance and Polygraph required</span></span></span></li>
	<li style=""><span style="color: rgb(38,38,38);"><span style="font-family: times new roman;"><span style="font-size: 14.0pt;">Minimum of ten (10) years experience of SIGINT development analytic support</span></span></span></li>
	<li style=""><span style="color: rgb(38,38,38);"><span style="font-family: times new roman;"><span style="font-size: 14.0pt;">Minimum of seven (7) years experience in at least four (4) of the specialization areas below:</span></span></span>
	<ul style="list-style-type: circle;">
		<li style=""><span style="color: rgb(38,38,38);"><span style="font-family: times new roman;"><span style="font-size: 14.0pt;">Signal Analysis</span></span></span></li>
		<li style=""><span style="color: rgb(38,38,38);"><span style="font-family: times new roman;"><span style="font-size: 14.0pt;">Modern Telecommunications System and Networks</span></span></span></li>
		<li style=""><span style="color: rgb(38,38,38);"><span style="font-family: times new roman;"><span style="font-size: 14.0pt;">Telephony Switching System</span></span></span></li>
		<li style=""><span style="color: rgb(38,38,38);"><span style="font-family: times new roman;"><span style="font-size: 14.0pt;">Communications Systems</span></span></span></li>
		<li style=""><span style="color: rgb(38,38,38);"><span style="font-family: times new roman;"><span style="font-size: 14.0pt;">Cellular/Personal Communications</span></span></span></li>
		<li style=""><span style="color: rgb(38,38,38);"><span style="font-family: times new roman;"><span style="font-size: 14.0pt;">Periodic on call and OCONUS travel is required</span></span></span></li>
	</ul>
	</li>
</ul>

<p style="margin-left: 0.5in;"> </p>

<p><span style="color: rgb(38,38,38);"><span style="font-family: times new roman;"><span style="font-size: 14.0pt;">Maximize your potential with IntelliGenesis!</span></span></span></p>

<p> </p>

<p><span style="color: rgb(38,38,38);"><span style="font-family: times new roman;"><span style="font-size: 14.0pt;">IntelliGenesis, LLC is an EOE M/F/D/V</span></span></span></p>

<p> </p></td></tr> set(['TS/SCI', 'Other'])
